This is pdfTeX, Version 3.141592653-2.6-1.40.22 (TeX Live 2021/Arch Linux) (preloaded format=pdflatex 2021.6.20)  1 JUL 2021 23:35
entering extended mode
 restricted \write18 enabled.
 file:line:error style messages enabled.
 %&-line parsing enabled.
**"/home/bahnasawy/Desktop/Grad-Code/documentation/Software Design Document/SDD.tex"
(/home/bahnasawy/Desktop/Grad-Code/documentation/Software Design Document/SDD.tex
LaTeX2e <2020-10-01> patch level 4
L3 programming layer <2021-02-18> (/usr/share/texmf-dist/tex/latex/base/article.cls
Document Class: article 2020/04/10 v1.4m Standard LaTeX document class
(/usr/share/texmf-dist/tex/latex/base/size12.clo
File: size12.clo 2020/04/10 v1.4m Standard LaTeX file (size option)
)
\c@part=\count179
\c@section=\count180
\c@subsection=\count181
\c@subsubsection=\count182
\c@paragraph=\count183
\c@subparagraph=\count184
\c@figure=\count185
\c@table=\count186
\abovecaptionskip=\skip47
\belowcaptionskip=\skip48
\bibindent=\dimen138
) (/usr/share/texmf-dist/tex/latex/base/inputenc.sty
Package: inputenc 2020/08/01 v1.3d Input encoding file
\inpenc@prehook=\toks15
\inpenc@posthook=\toks16
) (/usr/share/texmf-dist/tex/latex/datatool/datatool.sty
Package: datatool 2019/09/27 v2.32 (NLCT)
 (/usr/share/texmf-dist/tex/latex/xkeyval/xkeyval.sty
Package: xkeyval 2020/11/20 v2.8 package option processing (HA)
 (/usr/share/texmf-dist/tex/generic/xkeyval/xkeyval.tex (/usr/share/texmf-dist/tex/generic/xkeyval/xkvutils.tex
\XKV@toks=\toks17
\XKV@tempa@toks=\toks18
 (/usr/share/texmf-dist/tex/generic/xkeyval/keyval.tex))
\XKV@depth=\count187
File: xkeyval.tex 2014/12/03 v2.7a key=value parser (HA)
)) (/usr/share/texmf-dist/tex/latex/base/ifthen.sty
Package: ifthen 2014/09/29 v1.1c Standard LaTeX ifthen package (DPC)
) (/usr/share/texmf-dist/tex/latex/xfor/xfor.sty
Package: xfor 2009/02/05 v1.05 (NLCT)
) (/usr/share/texmf-dist/tex/latex/substr/substr.sty
Package: substr 2009/10/20 v1.2 Handle substrings
\c@su@anzahl=\count188
) (/usr/share/texmf-dist/tex/latex/etoolbox/etoolbox.sty
Package: etoolbox 2020/10/05 v2.5k e-TeX tools for LaTeX (JAW)
\etb@tempcnta=\count189
) (/usr/share/texmf-dist/tex/latex/datatool/datatool-base.sty
Package: datatool-base 2019/09/27 v2.32 (NLCT)
 (/usr/share/texmf-dist/tex/latex/amsmath/amsmath.sty
Package: amsmath 2020/09/23 v2.17i AMS math features
\@mathmargin=\skip49

For additional information on amsmath, use the `?' option.
(/usr/share/texmf-dist/tex/latex/amsmath/amstext.sty
Package: amstext 2000/06/29 v2.01 AMS text
 (/usr/share/texmf-dist/tex/latex/amsmath/amsgen.sty
File: amsgen.sty 1999/11/30 v2.0 generic functions
\@emptytoks=\toks19
\ex@=\dimen139
)) (/usr/share/texmf-dist/tex/latex/amsmath/amsbsy.sty
Package: amsbsy 1999/11/29 v1.2d Bold Symbols
\pmbraise@=\dimen140
) (/usr/share/texmf-dist/tex/latex/amsmath/amsopn.sty
Package: amsopn 2016/03/08 v2.02 operator names
)
\inf@bad=\count190
LaTeX Info: Redefining \frac on input line 234.
\uproot@=\count191
\leftroot@=\count192
LaTeX Info: Redefining \overline on input line 399.
\classnum@=\count193
\DOTSCASE@=\count194
LaTeX Info: Redefining \ldots on input line 496.
LaTeX Info: Redefining \dots on input line 499.
LaTeX Info: Redefining \cdots on input line 620.
\Mathstrutbox@=\box47
\strutbox@=\box48
\big@size=\dimen141
LaTeX Font Info:    Redeclaring font encoding OML on input line 743.
LaTeX Font Info:    Redeclaring font encoding OMS on input line 744.
\macc@depth=\count195
\c@MaxMatrixCols=\count196
\dotsspace@=\muskip16
\c@parentequation=\count197
\dspbrk@lvl=\count198
\tag@help=\toks20
\row@=\count199
\column@=\count266
\maxfields@=\count267
\andhelp@=\toks21
\eqnshift@=\dimen142
\alignsep@=\dimen143
\tagshift@=\dimen144
\tagwidth@=\dimen145
\totwidth@=\dimen146
\lineht@=\dimen147
\@envbody=\toks22
\multlinegap=\skip50
\multlinetaggap=\skip51
\mathdisplay@stack=\toks23
LaTeX Info: Redefining \[ on input line 2923.
LaTeX Info: Redefining \] on input line 2924.
) (/usr/share/texmf-dist/tex/latex/datatool/datatool-fp.sty
Package: datatool-fp 2019/09/27 v2.32 (NLCT)
 (/usr/share/texmf-dist/tex/latex/fp/fp.sty
Package: fp 1995/04/02
 `Fixed Point Package', Version 0.8, April 2, 1995 (C) Michael Mehlich (/usr/share/texmf-dist/tex/latex/fp/defpattern.sty
Package: defpattern 1994/10/12
\actioncount=\count268
) (/usr/share/texmf-dist/tex/latex/fp/fp-basic.sty
Package: fp-basic 1996/05/13
\FP@xs=\count269
\FP@xia=\count270
\FP@xib=\count271
\FP@xfa=\count272
\FP@xfb=\count273
\FP@rega=\count274
\FP@regb=\count275
\FP@regs=\count276
\FP@times=\count277
) (/usr/share/texmf-dist/tex/latex/fp/fp-addons.sty
Package: fp-addons 1995/03/15
) (/usr/share/texmf-dist/tex/latex/fp/fp-snap.sty
Package: fp-snap 1995/04/05
) (/usr/share/texmf-dist/tex/latex/fp/fp-exp.sty
Package: fp-exp 1995/04/03
) (/usr/share/texmf-dist/tex/latex/fp/fp-trigo.sty
Package: fp-trigo 1995/04/14
) (/usr/share/texmf-dist/tex/latex/fp/fp-pas.sty
Package: fp-pas 1994/08/29
) (/usr/share/texmf-dist/tex/latex/fp/fp-random.sty
Package: fp-random 1995/02/23
\FPseed=\count278
) (/usr/share/texmf-dist/tex/latex/fp/fp-eqn.sty
Package: fp-eqn 1995/04/03
) (/usr/share/texmf-dist/tex/latex/fp/fp-upn.sty
Package: fp-upn 1996/10/21
) (/usr/share/texmf-dist/tex/latex/fp/fp-eval.sty
Package: fp-eval 1995/04/03
)))
\@dtl@toks=\toks24
\@dtl@tmpcount=\count279
\dtl@tmplength=\skip52
\dtl@sortresult=\count280
\@dtl@numgrpsepcount=\count281
\@dtl@datatype=\count282
\dtl@codeA=\count283
\dtl@codeB=\count284
\@dtl@foreach@level=\count285
)
\dtlcolumnnum=\count286
\dtlrownum=\count287
\@dtl@before=\toks25
\@dtl@after=\toks26
\@dtl@colhead=\toks27
\dtlcurrentrow=\toks28
\dtlbeforerow=\toks29
\dtlafterrow=\toks30
\dtlforeachlevel=\count288
\c@DTLrowi=\count289
\c@DTLrowii=\count290
\c@DTLrowiii=\count291
\c@DTLrow=\count292
\dtl@rowi=\count293
\dtl@rowii=\count294
\dtl@rowiii=\count295
\@dtl@curi=\toks31
\@dtl@previ=\toks32
\@dtl@nexti=\toks33
\@dtl@curii=\toks34
\@dtl@previi=\toks35
\@dtl@nextii=\toks36
\@dtl@curiii=\toks37
\@dtl@previii=\toks38
\@dtl@nextiii=\toks39
\@dtl@elements=\count296
\@dtl@list=\toks40
\@dtl@rowa=\toks41
\@dtl@rowb=\toks42
\@dtl@toksA=\toks43
\@dtl@toksB=\toks44
\@dtl@write=\write3
\@dtl@read=\read2
\dtl@entrycr=\count297
\dtl@omitlines=\count298
) (/usr/share/texmf-dist/tex/latex/graphics/graphicx.sty
Package: graphicx 2020/09/09 v1.2b Enhanced LaTeX Graphics (DPC,SPQR)
 (/usr/share/texmf-dist/tex/latex/graphics/graphics.sty
Package: graphics 2020/08/30 v1.4c Standard LaTeX Graphics (DPC,SPQR)
 (/usr/share/texmf-dist/tex/latex/graphics/trig.sty
Package: trig 2016/01/03 v1.10 sin cos tan (DPC)
) (/usr/share/texmf-dist/tex/latex/graphics-cfg/graphics.cfg
File: graphics.cfg 2016/06/04 v1.11 sample graphics configuration
)
Package graphics Info: Driver file: pdftex.def on input line 105.
 (/usr/share/texmf-dist/tex/latex/graphics-def/pdftex.def
File: pdftex.def 2020/10/05 v1.2a Graphics/color driver for pdftex
))
\Gin@req@height=\dimen148
\Gin@req@width=\dimen149
) (/usr/share/texmf-dist/tex/latex/geometry/geometry.sty
Package: geometry 2020/01/02 v5.9 Page Geometry
 (/usr/share/texmf-dist/tex/generic/iftex/ifvtex.sty
Package: ifvtex 2019/10/25 v1.7 ifvtex legacy package. Use iftex instead.
 (/usr/share/texmf-dist/tex/generic/iftex/iftex.sty
Package: iftex 2020/03/06 v1.0d TeX engine tests
))
\Gm@cnth=\count299
\Gm@cntv=\count300
\c@Gm@tempcnt=\count301
\Gm@bindingoffset=\dimen150
\Gm@wd@mp=\dimen151
\Gm@odd@mp=\dimen152
\Gm@even@mp=\dimen153
\Gm@layoutwidth=\dimen154
\Gm@layoutheight=\dimen155
\Gm@layouthoffset=\dimen156
\Gm@layoutvoffset=\dimen157
\Gm@dimlist=\toks45
) (/usr/share/texmf-dist/tex/latex/float/float.sty
Package: float 2001/11/08 v1.3d Float enhancements (AL)
\c@float@type=\count302
\float@exts=\toks46
\float@box=\box49
\@float@everytoks=\toks47
\@floatcapt=\box50
) (/usr/share/texmf-dist/tex/latex/l3backend/l3backend-pdftex.def
File: l3backend-pdftex.def 2021-03-18 L3 backend support: PDF output (pdfTeX)
\l__color_backend_stack_int=\count303
\l__pdf_internal_box=\box51
) (/home/bahnasawy/Desktop/Grad-Code/documentation/Software Design Document/SDD.aux)
\openout1 = `SDD.aux'.

LaTeX Font Info:    Checking defaults for OML/cmm/m/it on input line 33.
LaTeX Font Info:    ... okay on input line 33.
LaTeX Font Info:    Checking defaults for OMS/cmsy/m/n on input line 33.
LaTeX Font Info:    ... okay on input line 33.
LaTeX Font Info:    Checking defaults for OT1/cmr/m/n on input line 33.
LaTeX Font Info:    ... okay on input line 33.
LaTeX Font Info:    Checking defaults for T1/cmr/m/n on input line 33.
LaTeX Font Info:    ... okay on input line 33.
LaTeX Font Info:    Checking defaults for TS1/cmr/m/n on input line 33.
LaTeX Font Info:    ... okay on input line 33.
LaTeX Font Info:    Checking defaults for OMX/cmex/m/n on input line 33.
LaTeX Font Info:    ... okay on input line 33.
LaTeX Font Info:    Checking defaults for U/cmr/m/n on input line 33.
LaTeX Font Info:    ... okay on input line 33.
 (/usr/share/texmf-dist/tex/context/base/mkii/supp-pdf.mkii
[Loading MPS to PDF converter (version 2006.09.02).]
\scratchcounter=\count304
\scratchdimen=\dimen158
\scratchbox=\box52
\nofMPsegments=\count305
\nofMParguments=\count306
\everyMPshowfont=\toks48
\MPscratchCnt=\count307
\MPscratchDim=\dimen159
\MPnumerator=\count308
\makeMPintoPDFobject=\count309
\everyMPtoPDFconversion=\toks49
) (/usr/share/texmf-dist/tex/latex/epstopdf-pkg/epstopdf-base.sty
Package: epstopdf-base 2020-01-24 v2.11 Base part for package epstopdf
Package epstopdf-base Info: Redefining graphics rule for `.eps' on input line 485.
 (/usr/share/texmf-dist/tex/latex/latexconfig/epstopdf-sys.cfg
File: epstopdf-sys.cfg 2010/07/13 v1.3 Configuration of (r)epstopdf for TeX Live
))
*geometry* driver: auto-detecting
*geometry* detected driver: pdftex
*geometry* verbose mode - [ preamble ] result:
* driver: pdftex
* paper: a4paper
* layout: <same size as paper>
* layoutoffset:(h,v)=(0.0pt,0.0pt)
* modes: 
* h-part:(L,W,R)=(85.35826pt, 426.79134pt, 85.35828pt)
* v-part:(T,H,B)=(71.13188pt, 702.78308pt, 71.13188pt)
* \paperwidth=597.50787pt
* \paperheight=845.04684pt
* \textwidth=426.79134pt
* \textheight=702.78308pt
* \oddsidemargin=13.08827pt
* \evensidemargin=13.08827pt
* \topmargin=-38.1381pt
* \headheight=12.0pt
* \headsep=25.0pt
* \topskip=12.0pt
* \footskip=30.0pt
* \marginparwidth=44.0pt
* \marginparsep=10.0pt
* \columnsep=10.0pt
* \skip\footins=10.8pt plus 4.0pt minus 2.0pt
* \hoffset=0.0pt
* \voffset=0.0pt
* \mag=1000
* \@twocolumnfalse
* \@twosidefalse
* \@mparswitchfalse
* \@reversemarginfalse
* (1in=72.27pt=25.4mm, 1cm=28.453pt)

<Images/CSLogo.jpg, id=1, 686.565pt x 386.19281pt>
File: Images/CSLogo.jpg Graphic file (type jpg)
<use Images/CSLogo.jpg>
Package pdftex.def Info: Images/CSLogo.jpg  used on input line 35.
(pdftex.def)             Requested size: 128.02872pt x 85.35748pt.
<Images/MSALogo.jpg, id=2, 266.9975pt x 189.70876pt>
File: Images/MSALogo.jpg Graphic file (type jpg)
<use Images/MSALogo.jpg>
Package pdftex.def Info: Images/MSALogo.jpg  used on input line 35.
(pdftex.def)             Requested size: 85.35945pt x 71.13191pt.
[1

{/var/lib/texmf/fonts/map/pdftex/updmap/pdftex.map} </home/bahnasawy/Desktop/Grad-Code/documentation/Software Design Document/Images/CSLogo.jpg> </home/bahnasawy/Desktop/Grad-Code/documentation/Software Design Document/Images/MSALogo.jpg>]
<Images/System Overview.png, id=12, 992.70876pt x 677.53125pt>
File: Images/System Overview.png Graphic file (type png)
<use Images/System Overview.png>
Package pdftex.def Info: Images/System Overview.png  used on input line 73.
(pdftex.def)             Requested size: 298.75262pt x 203.90192pt.
<Images/DFD.png, id=13, 470.2368pt x 309.3156pt>
File: Images/DFD.png Graphic file (type png)
<use Images/DFD.png>
Package pdftex.def Info: Images/DFD.png  used on input line 81.
(pdftex.def)             Requested size: 426.79134pt x 280.74606pt.
 [2 </home/bahnasawy/Desktop/Grad-Code/documentation/Software Design Document/Images/System Overview.png>]
<Images/FDD.png, id=17, 731.8542pt x 487.8225pt>
File: Images/FDD.png Graphic file (type png)
<use Images/FDD.png>
Package pdftex.def Info: Images/FDD.png  used on input line 86.
(pdftex.def)             Requested size: 426.79134pt x 284.47806pt.
 [3 </home/bahnasawy/Desktop/Grad-Code/documentation/Software Design Document/Images/DFD.png> </home/bahnasawy/Desktop/Grad-Code/documentation/Software Design Document/Images/FDD.png>]
\dtldb@list=\toks50
\dtlkeys@list=\toks51
\dtlrows@list=\count310
\dtlcols@list=\count311
LaTeX Font Info:    Trying to load font information for OMS+cmr on input line 126.
 (/usr/share/texmf-dist/tex/latex/base/omscmr.fd
File: omscmr.fd 2019/12/16 v2.5j Standard LaTeX font definitions
)
LaTeX Font Info:    Font shape `OMS/cmr/m/n' in size <12> not available
(Font)              Font shape `OMS/cmsy/m/n' tried instead on input line 126.

Overfull \hbox (8.78763pt too wide) in paragraph at lines 126--126
[]\OT1/cmr/m/n/12 parse(corpus: \OMS/cmsy/m/n/12 f\OT1/cmr/m/n/12 [authorName]: string[][], dis-puted: string[][]\OMS/cmsy/m/n/12 g\OT1/cmr/m/n/12 , gram-mar: string[]) 
 []

[4]
Overfull \hbox (104.25893pt too wide) in paragraph at lines 137--137
[]  \OT1/cmtt/m/n/12 userId = Select userId from database where username = username & password = password[] 
 []


Overfull \hbox (23.98389pt too wide) in paragraph at lines 137--137
[]      \OT1/cmtt/m/n/12 response.send(userId, username, JWT) // JWT Token is auto generated[] 
 []


Overfull \hbox (79.55891pt too wide) in paragraph at lines 153--153
[]  \OT1/cmtt/m/n/12 res.send(Insert Into database (featureName, regex), Values (featureName, regex))[] 
 []

[5]
<Images/Screen 1.png, id=30, 1448.41125pt x 990.70125pt>
File: Images/Screen 1.png Graphic file (type png)
<use Images/Screen 1.png>
Package pdftex.def Info: Images/Screen 1.png  used on input line 169.
(pdftex.def)             Requested size: 426.79134pt x 291.92177pt.
<Images/Screen 2.png, id=31, 1448.41125pt x 990.70125pt>
File: Images/Screen 2.png Graphic file (type png)
<use Images/Screen 2.png>
Package pdftex.def Info: Images/Screen 2.png  used on input line 174.
(pdftex.def)             Requested size: 426.79134pt x 291.92177pt.
 [6 </home/bahnasawy/Desktop/Grad-Code/documentation/Software Design Document/Images/Screen 1.png>]
<Images/Screen 3.png, id=35, 1448.41125pt x 988.69376pt>
File: Images/Screen 3.png Graphic file (type png)
<use Images/Screen 3.png>
Package pdftex.def Info: Images/Screen 3.png  used on input line 179.
(pdftex.def)             Requested size: 426.79134pt x 291.33023pt.
<Images/Screen 4.png, id=36, 1450.41875pt x 988.69376pt>
File: Images/Screen 4.png Graphic file (type png)
<use Images/Screen 4.png>
Package pdftex.def Info: Images/Screen 4.png  used on input line 183.
(pdftex.def)             Requested size: 426.79134pt x 290.92291pt.
 [7 </home/bahnasawy/Desktop/Grad-Code/documentation/Software Design Document/Images/Screen 2.png> </home/bahnasawy/Desktop/Grad-Code/documentation/Software Design Document/Images/Screen 3.png>] [8 </home/bahnasawy/Desktop/Grad-Code/documentation/Software Design Document/Images/Screen 4.png>] (/home/bahnasawy/Desktop/Grad-Code/documentation/Software Design Document/SDD.aux) ) 
Here is how much of TeX's memory you used:
 4819 strings out of 478994
 65677 string characters out of 5864751
 419622 words of memory out of 5000000
 22217 multiletter control sequences out of 15000+600000
 410229 words of font info for 51 fonts, out of 8000000 for 9000
 1141 hyphenation exceptions out of 8191
 102i,6n,102p,862b,374s stack positions out of 5000i,500n,10000p,200000b,80000s
{/usr/share/texmf-dist/fonts/enc/dvips/cm-super/cm-super-ts1.enc}</usr/share/texmf-dist/fonts/type1/public/amsfonts/cm/cmbx12.pfb></usr/share/texmf-dist/fonts/type1/public/amsfonts/cm/cmr12.pfb></usr/share/texmf-dist/fonts/type1/public/amsfonts/cm/cmr17.pfb></usr/share/texmf-dist/fonts/type1/public/amsfonts/cm/cmsy10.pfb></usr/share/texmf-dist/fonts/type1/public/amsfonts/cm/cmtt12.pfb></usr/share/texmf-dist/fonts/type1/public/cm-super/sfrm1200.pfb>
Output written on "/home/bahnasawy/Desktop/Grad-Code/documentation/Software Design Document/SDD.pdf" (8 pages, 489365 bytes).
PDF statistics:
 66 PDF objects out of 1000 (max. 8388607)
 39 compressed objects within 1 object stream
 0 named destinations out of 1000 (max. 500000)
 46 words of extra memory for PDF output out of 10000 (max. 10000000)

