This is pdfTeX, Version 3.14159265-2.6-1.40.21 (TeX Live 2020/Arch Linux) (preloaded format=pdflatex 2021.1.4)  23 JAN 2021 19:13
entering extended mode
 restricted \write18 enabled.
 file:line:error style messages enabled.
 %&-line parsing enabled.
**"/home/bahnasawy/Desktop/Grad/Documentation/Software Requirements Specification/SRS.tex"
(/home/bahnasawy/Desktop/Grad/Documentation/Software Requirements Specification/SRS.tex
LaTeX2e <2020-10-01> patch level 2
L3 programming layer <2020-12-03> xparse <2020-03-03> (/usr/share/texmf-dist/tex/latex/base/article.cls
Document Class: article 2020/04/10 v1.4m Standard LaTeX document class
(/usr/share/texmf-dist/tex/latex/base/size12.clo
File: size12.clo 2020/04/10 v1.4m Standard LaTeX file (size option)
)
\c@part=\count177
\c@section=\count178
\c@subsection=\count179
\c@subsubsection=\count180
\c@paragraph=\count181
\c@subparagraph=\count182
\c@figure=\count183
\c@table=\count184
\abovecaptionskip=\skip47
\belowcaptionskip=\skip48
\bibindent=\dimen138
) (/usr/share/texmf-dist/tex/latex/base/inputenc.sty
Package: inputenc 2020/08/01 v1.3d Input encoding file
\inpenc@prehook=\toks15
\inpenc@posthook=\toks16
) (/usr/share/texmf-dist/tex/latex/graphics/graphicx.sty
Package: graphicx 2020/09/09 v1.2b Enhanced LaTeX Graphics (DPC,SPQR)
 (/usr/share/texmf-dist/tex/latex/graphics/keyval.sty
Package: keyval 2014/10/28 v1.15 key=value parser (DPC)
\KV@toks@=\toks17
) (/usr/share/texmf-dist/tex/latex/graphics/graphics.sty
Package: graphics 2020/08/30 v1.4c Standard LaTeX Graphics (DPC,SPQR)
 (/usr/share/texmf-dist/tex/latex/graphics/trig.sty
Package: trig 2016/01/03 v1.10 sin cos tan (DPC)
) (/usr/share/texmf-dist/tex/latex/graphics-cfg/graphics.cfg
File: graphics.cfg 2016/06/04 v1.11 sample graphics configuration
)
Package graphics Info: Driver file: pdftex.def on input line 105.
 (/usr/share/texmf-dist/tex/latex/graphics-def/pdftex.def
File: pdftex.def 2020/10/05 v1.2a Graphics/color driver for pdftex
))
\Gin@req@height=\dimen139
\Gin@req@width=\dimen140
) (/usr/share/texmf-dist/tex/latex/geometry/geometry.sty
Package: geometry 2020/01/02 v5.9 Page Geometry
 (/usr/share/texmf-dist/tex/generic/iftex/ifvtex.sty
Package: ifvtex 2019/10/25 v1.7 ifvtex legacy package. Use iftex instead.
 (/usr/share/texmf-dist/tex/generic/iftex/iftex.sty
Package: iftex 2020/03/06 v1.0d TeX engine tests
))
\Gm@cnth=\count185
\Gm@cntv=\count186
\c@Gm@tempcnt=\count187
\Gm@bindingoffset=\dimen141
\Gm@wd@mp=\dimen142
\Gm@odd@mp=\dimen143
\Gm@even@mp=\dimen144
\Gm@layoutwidth=\dimen145
\Gm@layoutheight=\dimen146
\Gm@layouthoffset=\dimen147
\Gm@layoutvoffset=\dimen148
\Gm@dimlist=\toks18
) (/usr/share/texmf-dist/tex/latex/tools/tabularx.sty
Package: tabularx 2020/01/15 v2.11c `tabularx' package (DPC)
 (/usr/share/texmf-dist/tex/latex/tools/array.sty
Package: array 2020/10/01 v2.5c Tabular extension package (FMi)
\col@sep=\dimen149
\ar@mcellbox=\box47
\extrarowheight=\dimen150
\NC@list=\toks19
\extratabsurround=\skip49
\backup@length=\skip50
\ar@cellbox=\box48
)
\TX@col@width=\dimen151
\TX@old@table=\dimen152
\TX@old@col=\dimen153
\TX@target=\dimen154
\TX@delta=\dimen155
\TX@cols=\count188
\TX@ftn=\toks20
) (/usr/share/texmf-dist/tex/latex/caption/caption.sty
Package: caption 2020/10/26 v3.5g Customizing captions (AR)
 (/usr/share/texmf-dist/tex/latex/caption/caption3.sty
Package: caption3 2020/10/21 v2.2e caption3 kernel (AR)
\captionmargin=\dimen156
\captionmargin@=\dimen157
\captionwidth=\dimen158
\caption@tempdima=\dimen159
\caption@indent=\dimen160
\caption@parindent=\dimen161
\caption@hangindent=\dimen162
Package caption Info: Standard document class detected.
)
\c@caption@flags=\count189
\c@continuedfloat=\count190
) (/usr/share/texmf-dist/tex/latex/float/float.sty
Package: float 2001/11/08 v1.3d Float enhancements (AL)
\c@float@type=\count191
\float@exts=\toks21
\float@box=\box49
\@float@everytoks=\toks22
\@floatcapt=\box50
)
\@float@every@table=\toks23
 (/usr/share/texmf-dist/tex/latex/l3backend/l3backend-pdftex.def
File: l3backend-pdftex.def 2020-09-24 L3 backend support: PDF output (pdfTeX)
\l__kernel_color_stack_int=\count192
\l__pdf_internal_box=\box51
) (/home/bahnasawy/Desktop/Grad/Documentation/Software Requirements Specification/SRS.aux)
LaTeX Font Info:    Checking defaults for OML/cmm/m/it on input line 26.
LaTeX Font Info:    ... okay on input line 26.
LaTeX Font Info:    Checking defaults for OMS/cmsy/m/n on input line 26.
LaTeX Font Info:    ... okay on input line 26.
LaTeX Font Info:    Checking defaults for OT1/cmr/m/n on input line 26.
LaTeX Font Info:    ... okay on input line 26.
LaTeX Font Info:    Checking defaults for T1/cmr/m/n on input line 26.
LaTeX Font Info:    ... okay on input line 26.
LaTeX Font Info:    Checking defaults for TS1/cmr/m/n on input line 26.
LaTeX Font Info:    ... okay on input line 26.
LaTeX Font Info:    Checking defaults for OMX/cmex/m/n on input line 26.
LaTeX Font Info:    ... okay on input line 26.
LaTeX Font Info:    Checking defaults for U/cmr/m/n on input line 26.
LaTeX Font Info:    ... okay on input line 26.
 (/usr/share/texmf-dist/tex/context/base/mkii/supp-pdf.mkii
[Loading MPS to PDF converter (version 2006.09.02).]
\scratchcounter=\count193
\scratchdimen=\dimen163
\scratchbox=\box52
\nofMPsegments=\count194
\nofMParguments=\count195
\everyMPshowfont=\toks24
\MPscratchCnt=\count196
\MPscratchDim=\dimen164
\MPnumerator=\count197
\makeMPintoPDFobject=\count198
\everyMPtoPDFconversion=\toks25
) (/usr/share/texmf-dist/tex/latex/epstopdf-pkg/epstopdf-base.sty
Package: epstopdf-base 2020-01-24 v2.11 Base part for package epstopdf
Package epstopdf-base Info: Redefining graphics rule for `.eps' on input line 485.
 (/usr/share/texmf-dist/tex/latex/latexconfig/epstopdf-sys.cfg
File: epstopdf-sys.cfg 2010/07/13 v1.3 Configuration of (r)epstopdf for TeX Live
))
*geometry* driver: auto-detecting
*geometry* detected driver: pdftex
*geometry* verbose mode - [ preamble ] result:
* driver: pdftex
* paper: a4paper
* layout: <same size as paper>
* layoutoffset:(h,v)=(0.0pt,0.0pt)
* modes: 
* h-part:(L,W,R)=(85.35826pt, 426.79134pt, 85.35828pt)
* v-part:(T,H,B)=(71.13188pt, 702.78308pt, 71.13188pt)
* \paperwidth=597.50787pt
* \paperheight=845.04684pt
* \textwidth=426.79134pt
* \textheight=702.78308pt
* \oddsidemargin=13.08827pt
* \evensidemargin=13.08827pt
* \topmargin=-38.1381pt
* \headheight=12.0pt
* \headsep=25.0pt
* \topskip=12.0pt
* \footskip=30.0pt
* \marginparwidth=44.0pt
* \marginparsep=10.0pt
* \columnsep=10.0pt
* \skip\footins=10.8pt plus 4.0pt minus 2.0pt
* \hoffset=0.0pt
* \voffset=0.0pt
* \mag=1000
* \@twocolumnfalse
* \@twosidefalse
* \@mparswitchfalse
* \@reversemarginfalse
* (1in=72.27pt=25.4mm, 1cm=28.453pt)

Package caption Info: Begin \AtBeginDocument code.
Package caption Info: float package is loaded.
Package caption Info: End \AtBeginDocument code.
<Images/CSLogo.jpg, id=1, 686.565pt x 386.19281pt>
File: Images/CSLogo.jpg Graphic file (type jpg)
<use Images/CSLogo.jpg>
Package pdftex.def Info: Images/CSLogo.jpg  used on input line 28.
(pdftex.def)             Requested size: 128.02872pt x 85.35748pt.
<Images/MSALogo.jpg, id=2, 266.9975pt x 189.70876pt>
File: Images/MSALogo.jpg Graphic file (type jpg)
<use Images/MSALogo.jpg>
Package pdftex.def Info: Images/MSALogo.jpg  used on input line 28.
(pdftex.def)             Requested size: 85.35945pt x 71.13191pt.
LaTeX Font Info:    External font `cmex10' loaded for size
(Font)              <14.4> on input line 28.
LaTeX Font Info:    External font `cmex10' loaded for size
(Font)              <7> on input line 28.
[1

{/var/lib/texmf/fonts/map/pdftex/updmap/pdftex.map} </home/bahnasawy/Desktop/Grad/Documentation/Software Requirements Specification/Images/CSLogo.jpg> </home/bahnasawy/Desktop/Grad/Documentation/Software Requirements Specification/Images/MSALogo.jpg>] [2] [3] [4] [5]
<Images/Screen 1.png, id=24, 1448.41125pt x 990.70125pt>
File: Images/Screen 1.png Graphic file (type png)
<use Images/Screen 1.png>
Package pdftex.def Info: Images/Screen 1.png  used on input line 284.
(pdftex.def)             Requested size: 426.79134pt x 291.92177pt.
 [6]
<Images/Screen 2.png, id=28, 1448.41125pt x 990.70125pt>
File: Images/Screen 2.png Graphic file (type png)
<use Images/Screen 2.png>
Package pdftex.def Info: Images/Screen 2.png  used on input line 289.
(pdftex.def)             Requested size: 426.79134pt x 291.92177pt.
 [7 </home/bahnasawy/Desktop/Grad/Documentation/Software Requirements Specification/Images/Screen 1.png>]
<Images/Screen 3.png, id=33, 1448.41125pt x 988.69376pt>
File: Images/Screen 3.png Graphic file (type png)
<use Images/Screen 3.png>
Package pdftex.def Info: Images/Screen 3.png  used on input line 294.
(pdftex.def)             Requested size: 426.79134pt x 291.33023pt.
<Images/Screen 4.png, id=34, 1450.41875pt x 988.69376pt>
File: Images/Screen 4.png Graphic file (type png)
<use Images/Screen 4.png>
Package pdftex.def Info: Images/Screen 4.png  used on input line 298.
(pdftex.def)             Requested size: 426.79134pt x 290.92291pt.
 [8 </home/bahnasawy/Desktop/Grad/Documentation/Software Requirements Specification/Images/Screen 2.png> </home/bahnasawy/Desktop/Grad/Documentation/Software Requirements Specification/Images/Screen 3.png>] [9 </home/bahnasawy/Desktop/Grad/Documentation/Software Requirements Specification/Images/Screen 4.png>]
<Images/usecase.png, id=41, 651.43375pt x 473.77pt>
File: Images/usecase.png Graphic file (type png)
<use Images/usecase.png>
Package pdftex.def Info: Images/usecase.png  used on input line 321.
(pdftex.def)             Requested size: 426.79134pt x 310.40475pt.
<Images/gantt.png, id=42, 945.5325pt x 513.92pt>
File: Images/gantt.png Graphic file (type png)
<use Images/gantt.png>
Package pdftex.def Info: Images/gantt.png  used on input line 327.
(pdftex.def)             Requested size: 426.79134pt x 231.97545pt.
 [10 </home/bahnasawy/Desktop/Grad/Documentation/Software Requirements Specification/Images/usecase.png (PNG copy)>] [11 </home/bahnasawy/Desktop/Grad/Documentation/Software Requirements Specification/Images/gantt.png (PNG copy)>] (/home/bahnasawy/Desktop/Grad/Documentation/Software Requirements Specification/SRS.aux) ) 
Here is how much of TeX's memory you used:
 3186 strings out of 479383
 53168 string characters out of 5875831
 345728 words of memory out of 5000000
 20294 multiletter control sequences out of 15000+600000
 408935 words of font info for 45 fonts, out of 8000000 for 9000
 1141 hyphenation exceptions out of 8191
 66i,9n,72p,464b,379s stack positions out of 5000i,500n,10000p,200000b,80000s
{/usr/share/texmf-dist/fonts/enc/dvips/cm-super/cm-super-ts1.enc}</usr/share/texmf-dist/fonts/type1/public/amsfonts/cm/cmbx12.pfb></usr/share/texmf-dist/fonts/type1/public/amsfonts/cm/cmr12.pfb></usr/share/texmf-dist/fonts/type1/public/amsfonts/cm/cmr17.pfb></usr/share/texmf-dist/fonts/type1/public/cm-super/sfrm1200.pfb>
Output written on "/home/bahnasawy/Desktop/Grad/Documentation/Software Requirements Specification/SRS.pdf" (11 pages, 472930 bytes).
PDF statistics:
 65 PDF objects out of 1000 (max. 8388607)
 39 compressed objects within 1 object stream
 0 named destinations out of 1000 (max. 500000)
 41 words of extra memory for PDF output out of 10000 (max. 10000000)

